<?xml version="1.0" encoding="UTF-8"?>
<!-- Generated by org.testng.reporters.JUnitReportReporter -->
<testsuite hostname="DESKTOP-H8HE922" failures="0" tests="1" name="tests_scenarios.FlipkartMethods" time="0.511" errors="0" timestamp="05 Sep 2023 14:26:01 GMT" skipped="0">
  <testcase classname="tests_scenarios.FlipkartMethods" name="closepopup1" time="0.511"/>
</testsuite> <!-- tests_scenarios.FlipkartMethods -->
