<?xml version="1.0" encoding="UTF-8"?>
<!-- Generated by org.testng.reporters.JUnitReportReporter -->
<testsuite hostname="DESKTOP-H8HE922" failures="0" tests="1" name="demo.TC_login" time="47.357" errors="0" timestamp="18 Aug 2023 10:45:32 GMT" skipped="0">
  <testcase classname="demo.TC_login" name="login_test" time="47.357"/>
</testsuite> <!-- demo.TC_login -->
