<?xml version="1.0" encoding="UTF-8"?>
<!-- Generated by org.testng.reporters.JUnitReportReporter -->
<testsuite hostname="DESKTOP-H8HE922" failures="0" tests="3" name="tests_scenarios.GoogleSearchTest" time="8.395" errors="0" timestamp="2023-10-17T16:07:36 IST" skipped="0">
  <testcase classname="tests_scenarios.GoogleSearchTest" name="SearchOperation" time="1.943"/>
  <testcase classname="tests_scenarios.GoogleSearchTest" name="Accessfacebook" time="4.984"/>
  <testcase classname="tests_scenarios.GoogleSearchTest" name="Loginfacebook" time="1.468"/>
</testsuite> <!-- tests_scenarios.GoogleSearchTest -->
