<?xml version="1.0" encoding="UTF-8"?>
<!-- Generated by org.testng.reporters.JUnitReportReporter -->
<testsuite hostname="DESKTOP-H8HE922" failures="0" tests="2" name="demo.AppTest" time="0.188" errors="0" timestamp="21 Aug 2023 13:22:19 GMT" skipped="0">
  <testcase classname="demo.AppTest" name="testlogin2" time="0.008"/>
  <testcase classname="demo.AppTest" name="testlogin1" time="0.180"/>
</testsuite> <!-- demo.AppTest -->
