<?xml version="1.0" encoding="UTF-8"?>
<!-- Generated by org.testng.reporters.JUnitReportReporter -->
<testsuite hostname="DESKTOP-H8HE922" failures="0" tests="2" name="objects.AppTest" time="0.049" errors="0" timestamp="05 Sep 2023 14:21:53 GMT" skipped="0">
  <testcase classname="objects.AppTest" name="testlogin2" time="0.012"/>
  <testcase classname="objects.AppTest" name="testlogin1" time="0.037"/>
</testsuite> <!-- objects.AppTest -->
