<?xml version="1.0" encoding="UTF-8"?>
<!-- Generated by org.testng.reporters.JUnitReportReporter -->
<testsuite hostname="DESKTOP-H8HE922" failures="0" tests="1" name="objects.TC_login" time="16.552" errors="0" timestamp="05 Sep 2023 14:22:54 GMT" skipped="0">
  <testcase classname="objects.TC_login" name="login_test" time="16.552"/>
</testsuite> <!-- objects.TC_login -->
